<?xml version="1.0" encoding="UTF-8"?>
<!-- Generated by org.testng.reporters.JUnitReportReporter -->
<testsuite skipped="0" hostname="SachinRoy-Asus" name="com.apple.qa.Testcases.MacPageTest" tests="2" failures="0" timestamp="11 May 2018 02:20:00 GMT" time="19.514" errors="0">
  <testcase name="titleTest" time="11.701" classname="com.apple.qa.Testcases.MacPageTest"/>
  <testcase name="macPicDisplayedTest" time="7.813" classname="com.apple.qa.Testcases.MacPageTest"/>
</testsuite> <!-- com.apple.qa.Testcases.MacPageTest -->
