<?xml version="1.0" encoding="UTF-8"?>
<!-- Generated by org.testng.reporters.JUnitReportReporter -->
<testsuite skipped="0" hostname="SachinRoy-Asus" name="com.apple.qa.Testcases.MacPageTest" tests="2" failures="0" timestamp="11 May 2018 13:45:24 GMT" time="23.063" errors="0">
  <testcase name="titleTest" time="10.367" classname="com.apple.qa.Testcases.MacPageTest"/>
  <testcase name="macPicDisplayedTest" time="12.696" classname="com.apple.qa.Testcases.MacPageTest"/>
</testsuite> <!-- com.apple.qa.Testcases.MacPageTest -->
